2025-05-05 15:03:50.912 +0900 [debug] ([34mconfigs.js[0m) [31mloaded default configs as "{"updates":{"manifest_url":"https://cdn.freshdev.io/assets/fdk/updates.json","period":24},"log":{"level":"info"},"javascript":{"ecma_version":2020},"request":{"timeout":15000},"global_apps":{"enabled":false},"easel":{"enabled":false}}"[0m
2025-05-05 15:03:50.916 +0900 [debug] ([34mconfigs.js[0m) [31mloaded global configs as "{"request":{"timeout":15000}}"[0m
2025-05-05 15:03:50.916 +0900 [debug] ([34mfile.js[0m) [31mError while requiring /Users/alan/GitHub/project-a/.fdk/configs.json: Cannot find module '/Users/alan/GitHub/project-a/.fdk/configs.json'
Require stack:
- /Users/alan/.nvm/versions/node/v18.18.2/lib/node_modules/fdk/lib/utils/file.js
- /Users/alan/.nvm/versions/node/v18.18.2/lib/node_modules/fdk/lib/configs.js
- /Users/alan/.nvm/versions/node/v18.18.2/lib/node_modules/fdk/lib/logger.js
- /Users/alan/.nvm/versions/node/v18.18.2/lib/node_modules/fdk/index.js[0m
2025-05-05 15:03:50.916 +0900 [debug] ([34mfile.js[0m) [31mError while requiring /Users/alan/GitHub/project-a/.fdk/configs.json: Cannot find module '/Users/alan/GitHub/project-a/.fdk/configs.json'
Require stack:
- /Users/alan/.nvm/versions/node/v18.18.2/lib/node_modules/fdk/lib/utils/file.js
- /Users/alan/.nvm/versions/node/v18.18.2/lib/node_modules/fdk/lib/configs.js
- /Users/alan/.nvm/versions/node/v18.18.2/lib/node_modules/fdk/lib/logger.js
- /Users/alan/.nvm/versions/node/v18.18.2/lib/node_modules/fdk/index.js[0m
2025-05-05 15:03:50.916 +0900 [debug] ([34mconfigs.js[0m) [31mloaded local configs as "{}"[0m
2025-05-05 15:03:50.916 +0900 [debug] ([34mconfigs.js[0m) [31mloaded env configs as "{"updates":{},"log":{},"javascript":{},"request":{"timeout":15000}}"[0m
2025-05-05 15:03:50.916 +0900 [debug] ([34mconfigs.js[0m) [31mloaded resolved configs as "{"updates":{"manifest_url":"https://cdn.freshdev.io/assets/fdk/updates.json","period":24},"log":{"level":"info"},"javascript":{"ecma_version":2020},"request":{"timeout":15000},"global_apps":{"enabled":false},"easel":{"enabled":false}}"[0m
2025-05-05 15:03:50.916 +0900 [debug] ([34mlogger.js[0m) [31mStarting FDK in node v18.18.2 on darwin[0m
2025-05-05 15:03:50.916 +0900 [debug] ([34msequelize.js[0m) [31msetting up sqilite at "/Users/alan/GitHub/project-a/.fdk/store.sqlite"[0m
2025-05-05 15:03:50.916 +0900 [debug] ([34mdata.js[0m) [31mRead {"version_details":{"cli":{"deprecated":{"version":"<9","message":"This FDK version has been deprecated. There will be no further feature updates to this version. For a seamless app-building experience, ensure to move to the latest FDK version. For more information, see https://developers.freshworks.com/docs/app-sdk/v2.3/freshdesk/migration-guide/#migrate-to-the-latest-platform-version."},"forced":{"version":"7.0.0","command":"npm install https://dl.freshdev.io/cli/fdk-7.0.0.tgz -g","message":"Your FDK version has been forced updated to v7.0.0, please visit https://community.developers.freshworks.com/t/fdk-v7-0-announcing-node-js-v12-and-es6-support/3606 to know more"},"latest":{"version":"9.3.1","command":"npm install https://cdn.freshdev.io/fdk/latest.tgz -g","message":"You are on the latest FDK version. For information on the features available as part of this FDK version, see https://developers.freshworks.com/docs/?tab=modules."}},"addon":{"version":"2.0.8","url":"https://cdn.freshdev.io/assets/fdk/addons/addon.zip"}},"last_updated":{"time_stamp":1746184928034}}[0m
2025-05-05 15:03:50.916 +0900 [debug] ([34mupdater.js[0m) [31mlast check more than 24 hours ago, looking for updates again[0m
2025-05-05 15:03:51.602 +0900 [debug] ([34mupdater.js[0m) [31mdownloaded update manifest as {"cli":{"deprecated":{"version":"<9","message":"This FDK version has been deprecated. There will be no further feature updates to this version. For a seamless app-building experience, ensure to move to the latest FDK version. For more information, see https://developers.freshworks.com/docs/app-sdk/v2.3/freshdesk/migration-guide/#migrate-to-the-latest-platform-version."},"forced":{"version":"7.0.0","command":"npm install https://dl.freshdev.io/cli/fdk-7.0.0.tgz -g","message":"Your FDK version has been forced updated to v7.0.0, please visit https://community.developers.freshworks.com/t/fdk-v7-0-announcing-node-js-v12-and-es6-support/3606 to know more"},"latest":{"version":"9.3.1","command":"npm install https://cdn.freshdev.io/fdk/latest.tgz -g","message":"You are on the latest FDK version. For information on the features available as part of this FDK version, see https://developers.freshworks.com/docs/?tab=modules."}},"addon":{"version":"2.0.8","url":"https://cdn.freshdev.io/assets/fdk/addons/addon.zip"}}[0m
